<?xml version="1.0" encoding="UTF-8"?>
<testsuites tests="18" failures="6" errors="4"><testsuite name="Math/Multiplication" tests="3" failures="1" errors="0" time="0.0" timestamp="0" hostname="localhost" id="0"><testcase name="pass (info lost) (Test 1)" id="_testcase_id_" classname="Math/Multiplication" time="0.0"/><testcase name="1 * 2 == 5" id="_testcase_id_" classname="Math/Multiplication" time="0.0"><failure message="2 == 5" type="test">Test Failed
  Expression: 1 * 2 == 5
   Evaluated: 2 == 5</failure></testcase><testcase name="pass (info lost) (Test 3)" id="_testcase_id_" classname="Math/Multiplication" time="0.0"/></testsuite><testsuite name="Math/addition/negative addition" tests="3" failures="1" errors="0" time="0.0" timestamp="0" hostname="localhost" id="1"><testcase name="pass (info lost) (Test 1)" id="_testcase_id_" classname="Math/addition/negative addition" time="0.0"/><testcase name="1 + -2 == 1" id="_testcase_id_" classname="Math/addition/negative addition" time="0.0"><failure message="-1 == 1" type="test">Test Failed
  Expression: 1 + -2 == 1
   Evaluated: -1 == 1</failure></testcase><testcase name="pass (info lost) (Test 3)" id="_testcase_id_" classname="Math/addition/negative addition" time="0.0"/></testsuite><testsuite name="Math/addition" tests="3" failures="1" errors="0" time="0.0" timestamp="0" hostname="localhost" id="2"><testcase name="pass (info lost) (Test 1)" id="_testcase_id_" classname="Math/addition" time="0.0"/><testcase name="1 + 2 == 5" id="_testcase_id_" classname="Math/addition" time="0.0"><failure message="3 == 5" type="test">Test Failed
  Expression: 1 + 2 == 5
   Evaluated: 3 == 5</failure></testcase><testcase name="pass (info lost) (Test 3)" id="_testcase_id_" classname="Math/addition" time="0.0"/></testsuite><testsuite name="Math/other" tests="3" failures="0" errors="3" time="0.0" timestamp="0" hostname="localhost" id="3"><testcase name="sqrt(-1)" id="_testcase_id_" classname="Math/other" time="0.0"><skip/></testcase><error message="Expression evaluated to non-Boolean" type="Expression evaluated to non-Boolean" classname="Math/other" time="0.0"></error><error message="Nooo" type="ErrorException" classname="Math/other" time="0.0">Nooo
</error><error message="Got correct result, please change to @test if no longer broken." type="Unexpected Pass" classname="Math/other" time="0.0"></error></testsuite><testsuite name="Math/Error outside of tests" tests="0" failures="0" errors="1" time="0.0" timestamp="0" hostname="localhost" id="4"><error message="Got exception outside of a @test" type="ErrorException" classname="Math/Error outside of tests" time="0.0">Outside of tests
</error></testsuite><testsuite name="Math/Different failures" tests="2" failures="2" errors="0" time="0.0" timestamp="0" hostname="localhost" id="5"><testcase name="throw(ArgumentError(&quot;1&quot;))" id="_testcase_id_" classname="Math/Different failures" time="0.0"><failure message="Wrong exception type thrown" type="test_throws_wrong">Test Failed
  Expression: throw(ArgumentError("1"))
    Expected: DimensionMismatch
      Thrown: ArgumentError</failure></testcase><testcase name="true" id="_testcase_id_" classname="Math/Different failures" time="0.0"><failure message="No exception thrown" type="test_throws_nothing">Test Failed
  Expression: true
    Expected: DimensionMismatch
  No exception thrown</failure></testcase></testsuite><testsuite name="Math/using function from a module" tests="1" failures="0" errors="0" time="0.0" timestamp="0" hostname="localhost" id="6"><testcase name="pass (info lost) (Test 1)" id="_testcase_id_" classname="Math/using function from a module" time="0.0"/></testsuite><testsuite name="Math" tests="3" failures="1" errors="0" time="0.0" timestamp="0" hostname="localhost" id="7"><testcase name="pass (info lost) (Test 1)" id="_testcase_id_" classname="Math" time="0.0"/><testcase name="sqrt(20) == 5" id="_testcase_id_" classname="Math" time="0.0"><failure message="4.47213595499958 == 5" type="test">Test Failed
  Expression: sqrt(20) == 5
   Evaluated: 4.47213595499958 == 5</failure></testcase><testcase name="pass (info lost) (Test 3)" id="_testcase_id_" classname="Math" time="0.0"/></testsuite></testsuites>

